[
  {
    "Plan": {
      "Node Type": "Gather Merge",
      "Parallel Aware": false,
      "Async Capable": false,
      "Startup Cost": 27250.26,
      "Total Cost": 49758.70,
      "Plan Rows": 192916,
      "Plan Width": 38,
      "Workers Planned": 2,
      "Plans": [
        {
          "Node Type": "Sort",
          "Parent Relationship": "Outer",
          "Parallel Aware": false,
          "Async Capable": false,
          "Startup Cost": 26250.24,
          "Total Cost": 26491.38,
          "Plan Rows": 96458,
          "Plan Width": 38,
          "Sort Key": ["created_at DESC"],
          "Plans": [
            {
              "Node Type": "Seq Scan",
              "Parent Relationship": "Outer",
              "Parallel Aware": true,
              "Async Capable": false,
              "Relation Name": "big_orders",
              "Alias": "big_orders",
              "Startup Cost": 0.00,
              "Total Cost": 15625.67,
              "Plan Rows": 96458,
              "Plan Width": 38,
              "Filter": "(created_at > (now() - '7 days'::interval))"
            }
          ]
        }
      ]
    }
  }
]
