[
  {
    "Plan": {
      "Node Type": "Gather",
      "Parallel Aware": false,
      "Async Capable": false,
      "Startup Cost": 1000.00,
      "Total Cost": 5020.04,
      "Plan Rows": 1,
      "Plan Width": 8,
      "Workers Planned": 1,
      "Single Copy": false,
      "Plans": [
        {
          "Node Type": "Seq Scan",
          "Parent Relationship": "Outer",
          "Parallel Aware": true,
          "Async Capable": false,
          "Relation Name": "orders",
          "Alias": "orders",
          "Startup Cost": 0.00,
          "Total Cost": 4019.94,
          "Plan Rows": 1,
          "Plan Width": 8,
          "Filter": "((total < '10'::numeric) AND (created_at < (now() - '60 days'::interval)))"
        }
      ]
    }
  }
]
