[
  {
    "Plan": {
      "Node Type": "Limit",
      "Parallel Aware": false,
      "Async Capable": false,
      "Startup Cost": 18376.07,
      "Total Cost": 18399.41,
      "Plan Rows": 200,
      "Plan Width": 30,
      "Plans": [
        {
          "Node Type": "Gather Merge",
          "Parent Relationship": "Outer",
          "Parallel Aware": false,
          "Async Capable": false,
          "Startup Cost": 18376.07,
          "Total Cost": 27826.73,
          "Plan Rows": 81000,
          "Plan Width": 30,
          "Workers Planned": 2,
          "Plans": [
            {
              "Node Type": "Sort",
              "Parent Relationship": "Outer",
              "Parallel Aware": false,
              "Async Capable": false,
              "Startup Cost": 17376.05,
              "Total Cost": 17477.30,
              "Plan Rows": 40500,
              "Plan Width": 30,
              "Sort Key": ["created_at DESC"],
              "Plans": [
                {
                  "Node Type": "Seq Scan",
                  "Parent Relationship": "Outer",
                  "Parallel Aware": true,
                  "Async Capable": false,
                  "Relation Name": "big_orders",
                  "Alias": "big_orders",
                  "Startup Cost": 0.00,
                  "Total Cost": 15625.67,
                  "Plan Rows": 40500,
                  "Plan Width": 30,
                  "Filter": "(created_at > (now() - '3 days'::interval))"
                }
              ]
            }
          ]
        }
      ]
    }
  }
]
