[
  {
    "Plan": {
      "Node Type": "Limit",
      "Parallel Aware": false,
      "Async Capable": false,
      "Startup Cost": 5046.19,
      "Total Cost": 5057.69,
      "Plan Rows": 100,
      "Plan Width": 30,
      "Plans": [
        {
          "Node Type": "Gather Merge",
          "Parent Relationship": "Outer",
          "Parallel Aware": false,
          "Async Capable": false,
          "Startup Cost": 5046.19,
          "Total Cost": 6010.12,
          "Plan Rows": 8382,
          "Plan Width": 30,
          "Workers Planned": 1,
          "Plans": [
            {
              "Node Type": "Sort",
              "Parent Relationship": "Outer",
              "Parallel Aware": false,
              "Async Capable": false,
              "Startup Cost": 4046.18,
              "Total Cost": 4067.13,
              "Plan Rows": 8382,
              "Plan Width": 30,
              "Sort Key": ["created_at DESC"],
              "Plans": [
                {
                  "Node Type": "Seq Scan",
                  "Parent Relationship": "Outer",
                  "Parallel Aware": true,
                  "Async Capable": false,
                  "Relation Name": "orders",
                  "Alias": "orders",
                  "Startup Cost": 0.00,
                  "Total Cost": 3725.82,
                  "Plan Rows": 8382,
                  "Plan Width": 30,
                  "Filter": "(created_at > (now() - '3 days'::interval))"
                }
              ]
            }
          ]
        }
      ]
    }
  }
]
