[
  {
    "Plan": {
      "Node Type": "Hash Join",
      "Parallel Aware": false,
      "Async Capable": false,
      "Join Type": "Inner",
      "Startup Cost": 1263.58,
      "Total Cost": 5455.62,
      "Plan Rows": 42424,
      "Plan Width": 30,
      "Inner Unique": true,
      "Hash Cond": "(o.user_id = u.id)",
      "Plans": [
        {
          "Node Type": "Seq Scan",
          "Parent Relationship": "Outer",
          "Parallel Aware": false,
          "Async Capable": false,
          "Relation Name": "orders",
          "Alias": "o",
          "Startup Cost": 0.00,
          "Total Cost": 3667.00,
          "Plan Rows": 200000,
          "Plan Width": 30
        },
        {
          "Node Type": "Hash",
          "Parent Relationship": "Inner",
          "Parallel Aware": false,
          "Async Capable": false,
          "Startup Cost": 1131.00,
          "Total Cost": 1131.00,
          "Plan Rows": 10606,
          "Plan Width": 8,
          "Plans": [
            {
              "Node Type": "Seq Scan",
              "Parent Relationship": "Outer",
              "Parallel Aware": false,
              "Async Capable": false,
              "Relation Name": "users",
              "Alias": "u",
              "Startup Cost": 0.00,
              "Total Cost": 1131.00,
              "Plan Rows": 10606,
              "Plan Width": 8,
              "Filter": "(email ~~ 'user4____@example.com'::text)"
            }
          ]
        }
      ]
    }
  }
]
